  AnimModel.cpp
c:\users\stephen\source\repos\s game engine\s game engine\shader.h(28): warning C4267: 'argument': conversion from 'size_t' to 'GLsizei', possible loss of data
c:\users\stephen\source\repos\s game engine\s game engine\shader.h(30): warning C4267: 'argument': conversion from 'size_t' to 'GLsizei', possible loss of data
c:\users\stephen\source\repos\s game engine\s game engine\animmodel.cpp(35): warning C4018: '<': signed/unsigned mismatch
c:\users\stephen\source\repos\s game engine\s game engine\animmodel.cpp(45): warning C4018: '<': signed/unsigned mismatch
c:\users\stephen\source\repos\s game engine\s game engine\animmodel.cpp(50): warning C4018: '<': signed/unsigned mismatch
c:\users\stephen\source\repos\s game engine\s game engine\animmodel.cpp(55): warning C4018: '<': signed/unsigned mismatch
c:\users\stephen\source\repos\s game engine\s game engine\animmodel.cpp(67): warning C4244: '*=': conversion from 'double' to 'T', possible loss of data
          with
          [
              T=float
          ]
c:\users\stephen\source\repos\s game engine\s game engine\animmodel.cpp(68): warning C4244: '*=': conversion from 'double' to 'T', possible loss of data
          with
          [
              T=float
          ]
c:\users\stephen\source\repos\s game engine\s game engine\animmodel.cpp(69): warning C4244: '*=': conversion from 'double' to 'T', possible loss of data
          with
          [
              T=float
          ]
c:\users\stephen\source\repos\s game engine\s game engine\animmodel.cpp(93): warning C4244: '*=': conversion from 'double' to 'T', possible loss of data
          with
          [
              T=float
          ]
c:\users\stephen\source\repos\s game engine\s game engine\animmodel.cpp(94): warning C4244: '*=': conversion from 'double' to 'T', possible loss of data
          with
          [
              T=float
          ]
c:\users\stephen\source\repos\s game engine\s game engine\animmodel.cpp(95): warning C4244: '*=': conversion from 'double' to 'T', possible loss of data
          with
          [
              T=float
          ]
c:\users\stephen\source\repos\s game engine\s game engine\animmodel.cpp(111): warning C4244: 'initializing': conversion from 'double' to 'float', possible loss of data
c:\users\stephen\source\repos\s game engine\s game engine\animmodel.cpp(140): warning C4018: '<': signed/unsigned mismatch
  Engine.cpp
c:\users\stephen\source\repos\s game engine\s game engine\shader.h(28): warning C4267: 'argument': conversion from 'size_t' to 'GLsizei', possible loss of data
c:\users\stephen\source\repos\s game engine\s game engine\shader.h(30): warning C4267: 'argument': conversion from 'size_t' to 'GLsizei', possible loss of data
  Model.cpp
c:\users\stephen\source\repos\s game engine\s game engine\shader.h(28): warning C4267: 'argument': conversion from 'size_t' to 'GLsizei', possible loss of data
c:\users\stephen\source\repos\s game engine\s game engine\shader.h(30): warning C4267: 'argument': conversion from 'size_t' to 'GLsizei', possible loss of data
  Scene.cpp
c:\users\stephen\source\repos\s game engine\s game engine\shader.h(28): warning C4267: 'argument': conversion from 'size_t' to 'GLsizei', possible loss of data
c:\users\stephen\source\repos\s game engine\s game engine\shader.h(30): warning C4267: 'argument': conversion from 'size_t' to 'GLsizei', possible loss of data
c:\users\stephen\source\repos\s game engine\s game engine\scene.cpp(45): warning C4267: 'argument': conversion from 'size_t' to 'int', possible loss of data
c:\users\stephen\source\repos\s game engine\s game engine\scene.cpp(56): warning C4267: 'argument': conversion from 'size_t' to 'int', possible loss of data
  Shape.cpp
c:\users\stephen\source\repos\s game engine\s game engine\shader.h(28): warning C4267: 'argument': conversion from 'size_t' to 'GLsizei', possible loss of data
c:\users\stephen\source\repos\s game engine\s game engine\shader.h(30): warning C4267: 'argument': conversion from 'size_t' to 'GLsizei', possible loss of data
  Skybox.cpp
c:\users\stephen\source\repos\s game engine\s game engine\shader.h(28): warning C4267: 'argument': conversion from 'size_t' to 'GLsizei', possible loss of data
c:\users\stephen\source\repos\s game engine\s game engine\shader.h(30): warning C4267: 'argument': conversion from 'size_t' to 'GLsizei', possible loss of data
  Texture.cpp
assimp-vc140-mt.lib(assimp-vc140-mt.dll) : warning LNK4006: __NULL_IMPORT_DESCRIPTOR already defined in opengl32.lib(OPENGL32.dll); second definition ignored
Model.obj : warning LNK4006: "public: unsigned int __cdecl aiMaterial::GetTextureCount(enum aiTextureType)const " (?GetTextureCount@aiMaterial@@QEBAIW4aiTextureType@@@Z) already defined in assimp-vc140-mt.lib(assimp-vc140-mt.dll); second definition ignored
Model.obj : warning LNK4006: "public: enum aiReturn __cdecl aiMaterial::GetTexture(enum aiTextureType,unsigned int,struct aiString *,enum aiTextureMapping *,unsigned int *,float *,enum aiTextureOp *,enum aiTextureMapMode *)const " (?GetTexture@aiMaterial@@QEBA?AW4aiReturn@@W4aiTextureType@@IPEAUaiString@@PEAW4aiTextureMapping@@PEAIPEAMPEAW4aiTextureOp@@PEAW4aiTextureMapMode@@@Z) already defined in assimp-vc140-mt.lib(assimp-vc140-mt.dll); second definition ignored
AnimModel.obj : warning LNK4006: "public: unsigned int __cdecl aiMaterial::GetTextureCount(enum aiTextureType)const " (?GetTextureCount@aiMaterial@@QEBAIW4aiTextureType@@@Z) already defined in assimp-vc140-mt.lib(assimp-vc140-mt.dll); second definition ignored
AnimModel.obj : warning LNK4006: "public: enum aiReturn __cdecl aiMaterial::GetTexture(enum aiTextureType,unsigned int,struct aiString *,enum aiTextureMapping *,unsigned int *,float *,enum aiTextureOp *,enum aiTextureMapMode *)const " (?GetTexture@aiMaterial@@QEBA?AW4aiReturn@@W4aiTextureType@@IPEAUaiString@@PEAW4aiTextureMapping@@PEAIPEAMPEAW4aiTextureOp@@PEAW4aiTextureMapMode@@@Z) already defined in assimp-vc140-mt.lib(assimp-vc140-mt.dll); second definition ignored
  S Game Engine.vcxproj -> C:\Users\stephen\source\repos\S Game Engine\x64\Release\S Game Engine.lib
